<?xml version="1.0" encoding="UTF-8"?>
<!-- Generated by org.testng.reporters.JUnitXMLReporter -->
<testsuite ignored="0" hostname="taz" failures="1" tests="1" name="module-action-web" time="4.041" errors="0" timestamp="2020-07-08T22:17:20 CEST">
  <testcase classname="cucumber.api.testng.AbstractTestNGCucumberTests" name="feature" time="1.989">
    <failure type="cucumber.runtime.CucumberException" message="java.lang.NoSuchMethodError: &amp;apos;void org.openqa.selenium.chrome.ChromeOptions.setExperimentalOption(java.lang.String, java.lang.Object)&amp;apos;">
      <![CDATA[cucumber.runtime.CucumberException: java.lang.NoSuchMethodError: 'void org.openqa.selenium.chrome.ChromeOptions.setExperimentalOption(java.lang.String, java.lang.Object)'
at cucumber.api.testng.TestNGCucumberRunner.runCucumber(TestNGCucumberRunner.java:69)
at cucumber.api.testng.AbstractTestNGCucumberTests.feature(AbstractTestNGCucumberTests.java:21)
at java.base/java.util.ArrayList.forEach(ArrayList.java:1507)
at java.base/java.util.concurrent.FutureTask.run(FutureTask.java:264)
at java.base/java.util.concurrent.ThreadPoolExecutor.runWorker(ThreadPoolExecutor.java:1128)
at java.base/java.util.concurrent.ThreadPoolExecutor$Worker.run(ThreadPoolExecutor.java:628)
at java.base/java.lang.Thread.run(Thread.java:830)
Caused by: java.lang.NoSuchMethodError: 'void org.openqa.selenium.chrome.ChromeOptions.setExperimentalOption(java.lang.String, java.lang.Object)'
at com.qualiprobdd.e2etests.util.ChromeDriverManager.createDriver(ChromeDriverManager.java:49)
at com.qualiprobdd.e2etests.util.DriverManager.getDriver(DriverManager.java:26)
at com.qualiprobdd.e2etests.util.Setup.setup(Setup.java:31)
at cucumber.runtime.Utils$1.call(Utils.java:37)
at cucumber.runtime.Timeout.timeout(Timeout.java:13)
at cucumber.runtime.Utils.invoke(Utils.java:31)
at cucumber.runtime.java.JavaHookDefinition.execute(JavaHookDefinition.java:60)
at cucumber.runtime.Runtime.runHookIfTagsMatch(Runtime.java:223)
at cucumber.runtime.Runtime.runHooks(Runtime.java:211)
at cucumber.runtime.Runtime.runBeforeHooks(Runtime.java:201)
at cucumber.runtime.model.CucumberScenario.run(CucumberScenario.java:40)
at cucumber.runtime.model.CucumberScenarioOutline.run(CucumberScenarioOutline.java:46)
at cucumber.runtime.model.CucumberFeature.run(CucumberFeature.java:165)
at cucumber.api.testng.TestNGCucumberRunner.runCucumber(TestNGCucumberRunner.java:63)
... 24 more
... Removed 22 stack frames]]>
    </failure>
  </testcase> <!-- feature -->
</testsuite> <!-- module-action-web -->
